<?xml version="1.0" encoding="UTF-8"?>
<!-- Generated by org.testng.reporters.JUnitReportReporter -->
<testsuite skipped="0" hostname="LP-5CD120NLR8" name="ApachePOI.Apache_POI" tests="4" failures="0" timestamp="23 Oct 2021 07:58:58 GMT" time="49.252" errors="0">
  <testcase name="f" time="13.533" classname="ApachePOI.Apache_POI"/>
  <testcase name="f" time="10.904" classname="ApachePOI.Apache_POI"/>
  <testcase name="f" time="12.085" classname="ApachePOI.Apache_POI"/>
  <testcase name="f" time="12.730" classname="ApachePOI.Apache_POI"/>
</testsuite> <!-- ApachePOI.Apache_POI -->
